java.nio.file.NoSuchFileException: cached\Peer_to_Peer_oldversion.json
	at sun.nio.fs.WindowsException.translateToIOException(WindowsException.java:79)
	at sun.nio.fs.WindowsException.rethrowAsIOException(WindowsException.java:97)
	at sun.nio.fs.WindowsException.rethrowAsIOException(WindowsException.java:102)
	at sun.nio.fs.WindowsFileSystemProvider.newByteChannel(WindowsFileSystemProvider.java:230)
	at java.nio.file.Files.newByteChannel(Files.java:361)
	at java.nio.file.Files.newByteChannel(Files.java:407)
	at java.nio.file.spi.FileSystemProvider.newInputStream(FileSystemProvider.java:384)
	at java.nio.file.Files.newInputStream(Files.java:152)
	at java.nio.file.Files.newBufferedReader(Files.java:2784)
	at java.nio.file.Files.newBufferedReader(Files.java:2816)
	at asrabon.Controller.readJsonFile(Controller.java:187)
	at asrabon.Controller.lambda$createSearchRunnable$0(Controller.java:101)
	at java.lang.Thread.run(Thread.java:748)
org.json.JSONException: Missing value at 2 [character 0 line 2]
	at org.json.JSONTokener.syntaxError(JSONTokener.java:432)
	at org.json.JSONTokener.nextValue(JSONTokener.java:386)
	at org.json.JSONArray.<init>(JSONArray.java:117)
	at org.json.JSONArray.<init>(JSONArray.java:145)
	at asrabon.Controller.addAllAppsToList(Controller.java:167)
	at asrabon.Controller.lambda$createSearchRunnable$0(Controller.java:105)
	at java.lang.Thread.run(Thread.java:748)
org.json.JSONException: Missing value at 2 [character 0 line 2]
	at org.json.JSONTokener.syntaxError(JSONTokener.java:432)
	at org.json.JSONTokener.nextValue(JSONTokener.java:386)
	at org.json.JSONArray.<init>(JSONArray.java:117)
	at org.json.JSONArray.<init>(JSONArray.java:145)
	at asrabon.Controller.addAllAppsToList(Controller.java:167)
	at asrabon.Controller.lambda$createSearchRunnable$0(Controller.java:105)
	at java.lang.Thread.run(Thread.java:748)
org.json.JSONException: Missing value at 2 [character 0 line 2]
	at org.json.JSONTokener.syntaxError(JSONTokener.java:432)
	at org.json.JSONTokener.nextValue(JSONTokener.java:386)
	at org.json.JSONArray.<init>(JSONArray.java:117)
	at org.json.JSONArray.<init>(JSONArray.java:145)
	at asrabon.Controller.addAllAppsToList(Controller.java:167)
	at asrabon.Controller.lambda$createSearchRunnable$0(Controller.java:105)
	at java.lang.Thread.run(Thread.java:748)
org.json.JSONException: Missing value at 2 [character 0 line 2]
	at org.json.JSONTokener.syntaxError(JSONTokener.java:432)
	at org.json.JSONTokener.nextValue(JSONTokener.java:386)
	at org.json.JSONArray.<init>(JSONArray.java:117)
	at org.json.JSONArray.<init>(JSONArray.java:145)
	at asrabon.Controller.addAllAppsToList(Controller.java:167)
	at asrabon.Controller.lambda$createSearchRunnable$0(Controller.java:105)
	at java.lang.Thread.run(Thread.java:748)
